<?xml version="1.0" encoding="utf-8"?><testsuites><testsuite errors="0" failures="0" hostname="fv-az578" name="pytest" skipped="0" tests="1" time="9.466" timestamp="2020-05-20T22:34:34.357875"><testcase classname="zdevelop.tests.test_service" file="zdevelop/tests/test_service.py" line="8" name="test_example" time="1.996"></testcase></testsuite></testsuites>